2022-08-22 17:51:37 ERROR c.r.u.ConnectUtil [JettyServerThreadPool-27] FATAL: DB Connect Error - ConnectUtil --
org.postgresql.util.PSQLException: FATAL: database "project1" does not exist
	at org.postgresql.core.v3.QueryExecutorImpl.receiveErrorResponse(QueryExecutorImpl.java:2676) ~[postgresql-42.4.1.jar:42.4.1]
	at org.postgresql.core.v3.QueryExecutorImpl.readStartupMessages(QueryExecutorImpl.java:2788) ~[postgresql-42.4.1.jar:42.4.1]
	at org.postgresql.core.v3.QueryExecutorImpl.<init>(QueryExecutorImpl.java:174) ~[postgresql-42.4.1.jar:42.4.1]
	at org.postgresql.core.v3.ConnectionFactoryImpl.openConnectionImpl(ConnectionFactoryImpl.java:290) ~[postgresql-42.4.1.jar:42.4.1]
	at org.postgresql.core.ConnectionFactory.openConnection(ConnectionFactory.java:49) ~[postgresql-42.4.1.jar:42.4.1]
	at org.postgresql.jdbc.PgConnection.<init>(PgConnection.java:247) ~[postgresql-42.4.1.jar:42.4.1]
	at org.postgresql.Driver.makeConnection(Driver.java:434) ~[postgresql-42.4.1.jar:42.4.1]
	at org.postgresql.Driver.connect(Driver.java:291) ~[postgresql-42.4.1.jar:42.4.1]
	at java.sql.DriverManager.getConnection(DriverManager.java:677) ~[java.sql:?]
	at java.sql.DriverManager.getConnection(DriverManager.java:228) ~[java.sql:?]
	at com.raf.utils.ConnectUtil.getConnection(ConnectUtil.java:20) ~[classes/:?]
	at com.raf.dao.UserDaoImpl.getUsernameByUserID(UserDaoImpl.java:60) ~[classes/:?]
	at com.raf.App.lambda$0(App.java:22) ~[classes/:?]
	at io.javalin.core.security.SecurityUtil.noopAccessManager(SecurityUtil.kt:20) ~[javalin-4.6.4.jar:4.6.4]
	at io.javalin.http.JavalinServlet.addHandler$lambda-0(JavalinServlet.kt:96) ~[javalin-4.6.4.jar:4.6.4]
	at io.javalin.http.JavalinServlet$lifecycle$2$1$1.invoke(JavalinServlet.kt:43) ~[javalin-4.6.4.jar:4.6.4]
	at io.javalin.http.JavalinServlet$lifecycle$2$1$1.invoke(JavalinServlet.kt:43) ~[javalin-4.6.4.jar:4.6.4]
	at io.javalin.http.JavalinServletHandler.executeNextTask(JavalinServletHandler.kt:99) ~[javalin-4.6.4.jar:4.6.4]
	at io.javalin.http.JavalinServletHandler.queueNextTaskOrFinish$lambda-1(JavalinServletHandler.kt:85) ~[javalin-4.6.4.jar:4.6.4]
	at java.util.concurrent.CompletableFuture.uniComposeStage(CompletableFuture.java:1106) ~[?:?]
	at java.util.concurrent.CompletableFuture.thenCompose(CompletableFuture.java:2235) ~[?:?]
	at io.javalin.http.JavalinServletHandler.queueNextTaskOrFinish$javalin(JavalinServletHandler.kt:85) ~[javalin-4.6.4.jar:4.6.4]
	at io.javalin.http.JavalinServlet.service(JavalinServlet.kt:89) ~[javalin-4.6.4.jar:4.6.4]
	at javax.servlet.http.HttpServlet.service(HttpServlet.java:790) ~[javax.servlet-api-3.1.0.jar:3.1.0]
	at io.javalin.jetty.JavalinJettyServlet.service(JavalinJettyServlet.kt:58) ~[javalin-4.6.4.jar:4.6.4]
	at javax.servlet.http.HttpServlet.service(HttpServlet.java:790) ~[javax.servlet-api-3.1.0.jar:3.1.0]
	at org.eclipse.jetty.servlet.ServletHolder.handle(ServletHolder.java:799) ~[jetty-servlet-9.4.48.v20220622.jar:9.4.48.v20220622]
	at org.eclipse.jetty.servlet.ServletHandler.doHandle(ServletHandler.java:554) ~[jetty-servlet-9.4.48.v20220622.jar:9.4.48.v20220622]
	at org.eclipse.jetty.server.handler.ScopedHandler.nextHandle(ScopedHandler.java:233) ~[jetty-server-9.4.48.v20220622.jar:9.4.48.v20220622]
	at org.eclipse.jetty.server.session.SessionHandler.doHandle(SessionHandler.java:1624) ~[jetty-server-9.4.48.v20220622.jar:9.4.48.v20220622]
	at org.eclipse.jetty.server.handler.ScopedHandler.nextHandle(ScopedHandler.java:233) ~[jetty-server-9.4.48.v20220622.jar:9.4.48.v20220622]
	at io.javalin.jetty.JettyServer$start$wsAndHttpHandler$1.doHandle(JettyServer.kt:52) ~[javalin-4.6.4.jar:4.6.4]
	at org.eclipse.jetty.server.handler.ScopedHandler.nextScope(ScopedHandler.java:188) ~[jetty-server-9.4.48.v20220622.jar:9.4.48.v20220622]
	at org.eclipse.jetty.servlet.ServletHandler.doScope(ServletHandler.java:505) ~[jetty-servlet-9.4.48.v20220622.jar:9.4.48.v20220622]
	at org.eclipse.jetty.server.session.SessionHandler.doScope(SessionHandler.java:1594) ~[jetty-server-9.4.48.v20220622.jar:9.4.48.v20220622]
	at org.eclipse.jetty.server.handler.ScopedHandler.nextScope(ScopedHandler.java:186) ~[jetty-server-9.4.48.v20220622.jar:9.4.48.v20220622]
	at org.eclipse.jetty.server.handler.ContextHandler.doScope(ContextHandler.java:1355) ~[jetty-server-9.4.48.v20220622.jar:9.4.48.v20220622]
	at org.eclipse.jetty.server.handler.ScopedHandler.handle(ScopedHandler.java:141) ~[jetty-server-9.4.48.v20220622.jar:9.4.48.v20220622]
	at org.eclipse.jetty.server.handler.StatisticsHandler.handle(StatisticsHandler.java:181) ~[jetty-server-9.4.48.v20220622.jar:9.4.48.v20220622]
	at org.eclipse.jetty.server.handler.HandlerWrapper.handle(HandlerWrapper.java:127) ~[jetty-server-9.4.48.v20220622.jar:9.4.48.v20220622]
	at org.eclipse.jetty.server.Server.handle(Server.java:516) ~[jetty-server-9.4.48.v20220622.jar:9.4.48.v20220622]
	at org.eclipse.jetty.server.HttpChannel.lambda$handle$1(HttpChannel.java:487) ~[jetty-server-9.4.48.v20220622.jar:9.4.48.v20220622]
	at org.eclipse.jetty.server.HttpChannel.dispatch(HttpChannel.java:732) ~[jetty-server-9.4.48.v20220622.jar:9.4.48.v20220622]
	at org.eclipse.jetty.server.HttpChannel.handle(HttpChannel.java:479) ~[jetty-server-9.4.48.v20220622.jar:9.4.48.v20220622]
	at org.eclipse.jetty.server.HttpConnection.onFillable(HttpConnection.java:277) ~[jetty-server-9.4.48.v20220622.jar:9.4.48.v20220622]
	at org.eclipse.jetty.io.AbstractConnection$ReadCallback.succeeded(AbstractConnection.java:311) ~[jetty-io-9.4.48.v20220622.jar:9.4.48.v20220622]
	at org.eclipse.jetty.io.FillInterest.fillable(FillInterest.java:105) ~[jetty-io-9.4.48.v20220622.jar:9.4.48.v20220622]
	at org.eclipse.jetty.io.ChannelEndPoint$1.run(ChannelEndPoint.java:104) ~[jetty-io-9.4.48.v20220622.jar:9.4.48.v20220622]
	at org.eclipse.jetty.util.thread.QueuedThreadPool.runJob(QueuedThreadPool.java:883) ~[jetty-util-9.4.48.v20220622.jar:9.4.48.v20220622]
	at org.eclipse.jetty.util.thread.QueuedThreadPool$Runner.run(QueuedThreadPool.java:1034) ~[jetty-util-9.4.48.v20220622.jar:9.4.48.v20220622]
	at java.lang.Thread.run(Thread.java:829) ~[?:?]
2022-08-23 18:01:11 ERROR c.r.d.UserDaoImpl [JettyServerThreadPool-22] UserDao - getUserByUsername : SQLException
org.postgresql.util.PSQLException: ERROR: column "username" does not exist
  Position: 31
	at org.postgresql.core.v3.QueryExecutorImpl.receiveErrorResponse(QueryExecutorImpl.java:2676) ~[postgresql-42.4.1.jar:42.4.1]
	at org.postgresql.core.v3.QueryExecutorImpl.processResults(QueryExecutorImpl.java:2366) ~[postgresql-42.4.1.jar:42.4.1]
	at org.postgresql.core.v3.QueryExecutorImpl.execute(QueryExecutorImpl.java:356) ~[postgresql-42.4.1.jar:42.4.1]
	at org.postgresql.jdbc.PgStatement.executeInternal(PgStatement.java:490) ~[postgresql-42.4.1.jar:42.4.1]
	at org.postgresql.jdbc.PgStatement.execute(PgStatement.java:408) ~[postgresql-42.4.1.jar:42.4.1]
	at org.postgresql.jdbc.PgPreparedStatement.executeWithFlags(PgPreparedStatement.java:181) ~[postgresql-42.4.1.jar:42.4.1]
	at org.postgresql.jdbc.PgPreparedStatement.executeQuery(PgPreparedStatement.java:133) ~[postgresql-42.4.1.jar:42.4.1]
	at com.raf.dao.UserDaoImpl.getUserByUsername(UserDaoImpl.java:25) ~[classes/:?]
	at com.raf.services.UserSvc.validateCreds(UserSvc.java:26) ~[classes/:?]
	at com.raf.controllers.SessionCtrlr.login(SessionCtrlr.java:15) ~[classes/:?]
	at io.javalin.core.security.SecurityUtil.noopAccessManager(SecurityUtil.kt:20) ~[javalin-4.6.4.jar:4.6.4]
	at io.javalin.http.JavalinServlet.addHandler$lambda-0(JavalinServlet.kt:96) ~[javalin-4.6.4.jar:4.6.4]
	at io.javalin.http.JavalinServlet$lifecycle$2$1$1.invoke(JavalinServlet.kt:43) ~[javalin-4.6.4.jar:4.6.4]
	at io.javalin.http.JavalinServlet$lifecycle$2$1$1.invoke(JavalinServlet.kt:43) ~[javalin-4.6.4.jar:4.6.4]
	at io.javalin.http.JavalinServletHandler.executeNextTask(JavalinServletHandler.kt:99) ~[javalin-4.6.4.jar:4.6.4]
	at io.javalin.http.JavalinServletHandler.queueNextTaskOrFinish$lambda-1(JavalinServletHandler.kt:85) ~[javalin-4.6.4.jar:4.6.4]
	at java.util.concurrent.CompletableFuture.uniComposeStage(CompletableFuture.java:1106) ~[?:?]
	at java.util.concurrent.CompletableFuture.thenCompose(CompletableFuture.java:2235) ~[?:?]
	at io.javalin.http.JavalinServletHandler.queueNextTaskOrFinish$javalin(JavalinServletHandler.kt:85) ~[javalin-4.6.4.jar:4.6.4]
	at io.javalin.http.JavalinServlet.service(JavalinServlet.kt:89) ~[javalin-4.6.4.jar:4.6.4]
	at javax.servlet.http.HttpServlet.service(HttpServlet.java:790) ~[javax.servlet-api-3.1.0.jar:3.1.0]
	at io.javalin.jetty.JavalinJettyServlet.service(JavalinJettyServlet.kt:58) ~[javalin-4.6.4.jar:4.6.4]
	at javax.servlet.http.HttpServlet.service(HttpServlet.java:790) ~[javax.servlet-api-3.1.0.jar:3.1.0]
	at org.eclipse.jetty.servlet.ServletHolder.handle(ServletHolder.java:799) ~[jetty-servlet-9.4.48.v20220622.jar:9.4.48.v20220622]
	at org.eclipse.jetty.servlet.ServletHandler.doHandle(ServletHandler.java:554) ~[jetty-servlet-9.4.48.v20220622.jar:9.4.48.v20220622]
	at org.eclipse.jetty.server.handler.ScopedHandler.nextHandle(ScopedHandler.java:233) ~[jetty-server-9.4.48.v20220622.jar:9.4.48.v20220622]
	at org.eclipse.jetty.server.session.SessionHandler.doHandle(SessionHandler.java:1624) ~[jetty-server-9.4.48.v20220622.jar:9.4.48.v20220622]
	at org.eclipse.jetty.server.handler.ScopedHandler.nextHandle(ScopedHandler.java:233) ~[jetty-server-9.4.48.v20220622.jar:9.4.48.v20220622]
	at io.javalin.jetty.JettyServer$start$wsAndHttpHandler$1.doHandle(JettyServer.kt:52) ~[javalin-4.6.4.jar:4.6.4]
	at org.eclipse.jetty.server.handler.ScopedHandler.nextScope(ScopedHandler.java:188) ~[jetty-server-9.4.48.v20220622.jar:9.4.48.v20220622]
	at org.eclipse.jetty.servlet.ServletHandler.doScope(ServletHandler.java:505) ~[jetty-servlet-9.4.48.v20220622.jar:9.4.48.v20220622]
	at org.eclipse.jetty.server.session.SessionHandler.doScope(SessionHandler.java:1594) ~[jetty-server-9.4.48.v20220622.jar:9.4.48.v20220622]
	at org.eclipse.jetty.server.handler.ScopedHandler.nextScope(ScopedHandler.java:186) ~[jetty-server-9.4.48.v20220622.jar:9.4.48.v20220622]
	at org.eclipse.jetty.server.handler.ContextHandler.doScope(ContextHandler.java:1355) ~[jetty-server-9.4.48.v20220622.jar:9.4.48.v20220622]
	at org.eclipse.jetty.server.handler.ScopedHandler.handle(ScopedHandler.java:141) ~[jetty-server-9.4.48.v20220622.jar:9.4.48.v20220622]
	at org.eclipse.jetty.server.handler.StatisticsHandler.handle(StatisticsHandler.java:181) ~[jetty-server-9.4.48.v20220622.jar:9.4.48.v20220622]
	at org.eclipse.jetty.server.handler.HandlerWrapper.handle(HandlerWrapper.java:127) ~[jetty-server-9.4.48.v20220622.jar:9.4.48.v20220622]
	at org.eclipse.jetty.server.Server.handle(Server.java:516) ~[jetty-server-9.4.48.v20220622.jar:9.4.48.v20220622]
	at org.eclipse.jetty.server.HttpChannel.lambda$handle$1(HttpChannel.java:487) ~[jetty-server-9.4.48.v20220622.jar:9.4.48.v20220622]
	at org.eclipse.jetty.server.HttpChannel.dispatch(HttpChannel.java:732) ~[jetty-server-9.4.48.v20220622.jar:9.4.48.v20220622]
	at org.eclipse.jetty.server.HttpChannel.handle(HttpChannel.java:479) ~[jetty-server-9.4.48.v20220622.jar:9.4.48.v20220622]
	at org.eclipse.jetty.server.HttpConnection.onFillable(HttpConnection.java:277) ~[jetty-server-9.4.48.v20220622.jar:9.4.48.v20220622]
	at org.eclipse.jetty.io.AbstractConnection$ReadCallback.succeeded(AbstractConnection.java:311) ~[jetty-io-9.4.48.v20220622.jar:9.4.48.v20220622]
	at org.eclipse.jetty.io.FillInterest.fillable(FillInterest.java:105) ~[jetty-io-9.4.48.v20220622.jar:9.4.48.v20220622]
	at org.eclipse.jetty.io.ChannelEndPoint$1.run(ChannelEndPoint.java:104) ~[jetty-io-9.4.48.v20220622.jar:9.4.48.v20220622]
	at org.eclipse.jetty.util.thread.QueuedThreadPool.runJob(QueuedThreadPool.java:883) ~[jetty-util-9.4.48.v20220622.jar:9.4.48.v20220622]
	at org.eclipse.jetty.util.thread.QueuedThreadPool$Runner.run(QueuedThreadPool.java:1034) ~[jetty-util-9.4.48.v20220622.jar:9.4.48.v20220622]
	at java.lang.Thread.run(Thread.java:829) ~[?:?]
